<?xml version="1.0" encoding="UTF-8"?>
<testng-results ignored="0" total="1" passed="1" failed="0" skipped="0">
  <reporter-output>
  </reporter-output>
  <suite started-at="2022-11-10T19:24:39 IST" name="Default suite" finished-at="2022-11-10T19:25:04 IST" duration-ms="25465">
    <groups>
    </groups>
    <test started-at="2022-11-10T19:24:39 IST" name="Default test" finished-at="2022-11-10T19:25:04 IST" duration-ms="25465">
      <class name="driverMethods.toastmessage">
        <test-method signature="gen()[pri:0, instance:driverMethods.toastmessage@5aa9e4eb]" started-at="2022-11-10T19:24:39 IST" name="gen" finished-at="2022-11-10T19:25:04 IST" duration-ms="25398" status="PASS">
          <reporter-output>
          </reporter-output>
        </test-method> <!-- gen -->
      </class> <!-- driverMethods.toastmessage -->
    </test> <!-- Default test -->
  </suite> <!-- Default suite -->
</testng-results>
